备份记录哈哈哈哈哈 Sat Aug 20 14:07:25 CST 2022
备份记录 Sun Aug 21 08:40:49 CST 2022
备份记录 Mon Aug 22 08:44:16 CST 2022
备份记录 Tue Aug 23 08:53:05 CST 2022
备份记录 Wed Aug 24 08:45:35 CST 2022
备份记录 Thu Aug 25 08:52:22 CST 2022
备份记录 Fri Aug 26 08:46:31 CST 2022
备份记录 Sat Aug 27 08:40:27 CST 2022
备份记录 Sun Aug 28 08:48:14 CST 2022
备份记录 Mon Aug 29 08:48:08 CST 2022
备份记录 Tue Aug 30 08:53:42 CST 2022
备份记录 Wed Aug 31 08:55:21 CST 2022
备份记录 Thu Sep 1 08:41:57 CST 2022
备份记录 Fri Sep 2 08:44:13 CST 2022
备份记录 Sat Sep 3 08:43:04 CST 2022
备份记录 Sun Sep 4 08:46:02 CST 2022
备份记录 Mon Sep 5 08:52:22 CST 2022
备份记录 Tue Sep 6 08:49:14 CST 2022
备份记录 Wed Sep 7 08:50:29 CST 2022
备份记录 Thu Sep 8 08:46:41 CST 2022
备份记录 Fri Sep 9 08:50:28 CST 2022
备份记录 Sat Sep 10 08:49:48 CST 2022
备份记录 Sun Sep 11 08:46:43 CST 2022
备份记录 Mon Sep 12 08:46:30 CST 2022
备份记录 Tue Sep 13 08:49:08 CST 2022
备份记录 Wed Sep 14 08:46:11 CST 2022
