备份记录 Sun Aug 21 08:40:49 CST 2022
备份记录 Mon Aug 22 08:44:16 CST 2022
备份记录 Tue Aug 23 08:53:05 CST 2022
备份记录 Wed Aug 24 08:45:35 CST 2022
备份记录 Thu Aug 25 08:52:22 CST 2022
备份记录 Fri Aug 26 08:46:31 CST 2022
备份记录 Sat Aug 27 08:40:27 CST 2022
备份记录 Sun Aug 28 08:48:14 CST 2022
备份记录 Mon Aug 29 08:48:08 CST 2022
备份记录 Tue Aug 30 08:53:42 CST 2022
备份记录 Wed Aug 31 08:55:21 CST 2022
备份记录 Thu Sep 1 08:41:57 CST 2022
备份记录 Fri Sep 2 08:44:13 CST 2022
备份记录 Sat Sep 3 08:43:04 CST 2022
备份记录 Sun Sep 4 08:46:02 CST 2022
备份记录 Mon Sep 5 08:52:22 CST 2022
备份记录 Tue Sep 6 08:49:14 CST 2022
备份记录 Wed Sep 7 08:50:29 CST 2022
备份记录 Thu Sep 8 08:46:41 CST 2022
备份记录 Fri Sep 9 08:50:28 CST 2022
备份记录 Sat Sep 10 08:49:48 CST 2022
备份记录 Sun Sep 11 08:46:43 CST 2022
备份记录 Mon Sep 12 08:46:30 CST 2022
备份记录 Tue Sep 13 08:49:08 CST 2022
备份记录 Wed Sep 14 08:46:11 CST 2022
备份记录 Thu Sep 15 08:52:39 CST 2022
备份记录 Fri Sep 16 08:52:14 CST 2022
备份记录 Sat Sep 17 08:44:54 CST 2022
备份记录 Sun Sep 18 08:51:20 CST 2022
备份记录 Mon Sep 19 08:47:43 CST 2022
备份记录 Mon Sep 19 20:13:50 CST 2022
备份记录 Mon Sep 19 20:16:50 CST 2022
备份记录 Mon Sep 19 20:17:45 CST 2022
备份记录 Tue Sep 20 08:50:44 CST 2022
备份记录 Wed Sep 21 08:52:52 CST 2022
备份记录 Wed Sep 21 23:31:35 CST 2022
备份记录 Wed Sep 21 23:37:33 CST 2022
备份记录 Thu Sep 22 00:04:02 CST 2022
备份记录 Thu Sep 22 00:17:52 CST 2022
备份记录 Thu Sep 22 00:21:06 CST 2022
备份记录 Thu Sep 22 00:24:46 CST 2022
备份记录 Thu Sep 22 00:26:38 CST 2022
备份记录 Thu Sep 22 00:28:08 CST 2022
备份记录 Thu Sep 22 00:33:09 CST 2022
备份记录 Thu Sep 22 08:50:05 CST 2022
备份记录 Fri Sep 23 08:54:25 CST 2022
备份记录 Fri Sep 23 10:51:31 CST 2022
备份记录 Sat Sep 24 08:52:37 CST 2022
备份记录 Sun Sep 25 08:49:49 CST 2022
备份记录 Sun Sep 25 17:29:44 CST 2022
备份记录 Mon Sep 26 08:52:16 CST 2022
Actions运行记录 Mon Sep 26 20:15:44 CST 2022
Actions运行记录 Mon Sep 26 21:58:27 CST 2022
Actions运行记录 Mon Sep 26 22:01:33 CST 2022
Actions运行记录 Mon Sep 26 23:19:24 CST 2022
Actions运行记录 Tue Sep 27 08:55:01 CST 2022
Actions运行记录 Wed Sep 28 08:56:35 CST 2022
Actions运行记录 Thu Sep 29 09:01:27 CST 2022
Actions运行记录 Fri Sep 30 09:12:02 CST 2022
Actions运行记录 Sat Oct 1 09:07:18 CST 2022
Actions运行记录 Sat Oct 1 22:17:40 CST 2022
Actions运行记录 Sun Oct 2 08:58:55 CST 2022
Actions运行记录 Mon Oct 3 08:51:37 CST 2022
Actions运行记录 Tue Oct 4 09:00:30 CST 2022
Actions运行记录 Wed Oct 5 08:59:32 CST 2022
Actions运行记录 Thu Oct 6 08:54:31 CST 2022
Actions运行记录 Fri Oct 7 09:05:57 CST 2022
Actions运行记录 Sat Oct 8 08:49:47 CST 2022
Actions运行记录 Sun Oct 9 08:51:55 CST 2022
Actions运行记录 Mon Oct 10 08:57:31 CST 2022
Actions运行记录 Tue Oct 11 08:51:45 CST 2022
Actions运行记录 Wed Oct 12 09:04:53 CST 2022
Actions运行记录 Thu Oct 13 08:56:03 CST 2022
Actions运行记录 Fri Oct 14 09:03:20 CST 2022
Actions运行记录 Sat Oct 15 08:56:07 CST 2022
Actions运行记录 Sun Oct 16 08:58:32 CST 2022
Actions运行记录 Mon Oct 17 09:01:47 CST 2022
Actions运行记录 Tue Oct 18 08:57:46 CST 2022
Actions运行记录 Wed Oct 19 08:59:12 CST 2022
Actions运行记录 Thu Oct 20 08:53:17 CST 2022
Actions运行记录 Fri Oct 21 08:52:48 CST 2022
Actions运行记录 Sat Oct 22 08:59:54 CST 2022
Actions运行记录 Sun Oct 23 08:57:30 CST 2022
Actions运行记录 Mon Oct 24 09:03:28 CST 2022
Actions运行记录 Tue Oct 25 09:01:29 CST 2022
Actions运行记录 Wed Oct 26 08:47:41 CST 2022
Actions运行记录 Thu Oct 27 08:50:57 CST 2022
